<?xml version="1.0" encoding="UTF-8"?>
<testng-results ignored="0" total="1" passed="1" failed="0" skipped="0">
  <reporter-output>
  </reporter-output>
  <suite started-at="2023-10-05T18:13:31 IST" name="Default suite" finished-at="2023-10-05T18:13:45 IST" duration-ms="13841">
    <groups>
    </groups>
    <test started-at="2023-10-05T18:13:31 IST" name="Default test" finished-at="2023-10-05T18:13:45 IST" duration-ms="13841">
      <class name="maven.testscript">
        <test-method signature="test()[pri:0, instance:maven.testscript@6d3a388c]" started-at="2023-10-05T18:13:31 IST" name="test" finished-at="2023-10-05T18:13:45 IST" duration-ms="13757" status="PASS">
          <reporter-output>
          </reporter-output>
        </test-method> <!-- test -->
      </class> <!-- maven.testscript -->
    </test> <!-- Default test -->
  </suite> <!-- Default suite -->
</testng-results>
